2025-11-05T14:36:38.106+01:00  INFO 10436 --- [compra] [main] [                                                 ] com.miapp.compra.CompraApplication       : Starting CompraApplication using Java 21.0.8 with PID 10436 (D:\DES_ENT_SERVIDOR2526_FASEII\compra\target\classes started by daw in D:\DES_ENT_SERVIDOR2526_FASEII)
2025-11-05T14:36:38.113+01:00  INFO 10436 --- [compra] [main] [                                                 ] com.miapp.compra.CompraApplication       : No active profile set, falling back to 1 default profile: "default"
2025-11-05T14:36:39.189+01:00  INFO 10436 --- [compra] [main] [                                                 ] .s.d.r.c.RepositoryConfigurationDelegate : Bootstrapping Spring Data JPA repositories in DEFAULT mode.
2025-11-05T14:36:39.261+01:00  INFO 10436 --- [compra] [main] [                                                 ] .s.d.r.c.RepositoryConfigurationDelegate : Finished Spring Data repository scanning in 58 ms. Found 2 JPA repository interfaces.
2025-11-05T14:36:39.887+01:00  INFO 10436 --- [compra] [main] [                                                 ] o.s.boot.tomcat.TomcatWebServer          : Tomcat initialized with port 8080 (http)
2025-11-05T14:36:39.904+01:00  INFO 10436 --- [compra] [main] [                                                 ] o.apache.catalina.core.StandardService   : Starting service [Tomcat]
2025-11-05T14:36:39.904+01:00  INFO 10436 --- [compra] [main] [                                                 ] o.apache.catalina.core.StandardEngine    : Starting Servlet engine: [Apache Tomcat/11.0.11]
2025-11-05T14:36:39.963+01:00  INFO 10436 --- [compra] [main] [                                                 ] b.w.c.s.WebApplicationContextInitializer : Root WebApplicationContext: initialization completed in 1787 ms
2025-11-05T14:36:40.359+01:00  INFO 10436 --- [compra] [main] [                                                 ] o.hibernate.jpa.internal.util.LogHelper  : HHH000204: Processing PersistenceUnitInfo [name: default]
2025-11-05T14:36:40.420+01:00  INFO 10436 --- [compra] [main] [                                                 ] org.hibernate.Version                    : HHH000412: Hibernate ORM core version 7.1.1.Final
2025-11-05T14:36:41.023+01:00  INFO 10436 --- [compra] [main] [                                                 ] o.s.o.j.p.SpringPersistenceUnitInfo      : No LoadTimeWeaver setup: ignoring JPA class transformer
2025-11-05T14:36:41.069+01:00  INFO 10436 --- [compra] [main] [                                                 ] com.zaxxer.hikari.HikariDataSource       : HikariPool-1 - Starting...
2025-11-05T14:36:41.480+01:00  INFO 10436 --- [compra] [main] [                                                 ] com.zaxxer.hikari.pool.HikariPool        : HikariPool-1 - Added connection com.mysql.cj.jdbc.ConnectionImpl@776a3365
2025-11-05T14:36:41.483+01:00  INFO 10436 --- [compra] [main] [                                                 ] com.zaxxer.hikari.HikariDataSource       : HikariPool-1 - Start completed.
2025-11-05T14:36:41.542+01:00  WARN 10436 --- [compra] [main] [                                                 ] org.hibernate.orm.deprecation            : HHH90000025: MySQLDialect does not need to be specified explicitly using 'hibernate.dialect' (remove the property setting and it will be selected by default)
2025-11-05T14:36:41.564+01:00  INFO 10436 --- [compra] [main] [                                                 ] org.hibernate.orm.connections.pooling    : HHH10001005: Database info:
	Database JDBC URL [jdbc:mysql://localhost:3306/tienda]
	Database driver: MySQL Connector/J
	Database dialect: MySQLDialect
	Database version: 8.0.43
	Default catalog/schema: tienda/undefined
	Autocommit mode: undefined/unknown
	Isolation level: REPEATABLE_READ [default REPEATABLE_READ]
	JDBC fetch size: none
	Pool: DatasourceConnectionProviderImpl
	Minimum pool size: undefined/unknown
	Maximum pool size: undefined/unknown
2025-11-05T14:36:42.580+01:00  INFO 10436 --- [compra] [main] [                                                 ] o.h.e.t.j.p.i.JtaPlatformInitiator       : HHH000489: No JTA platform available (set 'hibernate.transaction.jta.platform' to enable JTA platform integration)
2025-11-05T14:36:42.662+01:00  INFO 10436 --- [compra] [main] [                                                 ] j.LocalContainerEntityManagerFactoryBean : Initialized JPA EntityManagerFactory for persistence unit 'default'
2025-11-05T14:36:42.761+01:00  INFO 10436 --- [compra] [main] [                                                 ] o.s.d.j.r.query.QueryEnhancerFactories   : Hibernate is in classpath; If applicable, HQL parser will be used.
2025-11-05T14:36:43.778+01:00  WARN 10436 --- [compra] [main] [                                                 ] ConfigServletWebServerApplicationContext : Exception encountered during context initialization - cancelling refresh attempt: org.springframework.beans.factory.UnsatisfiedDependencyException: Error creating bean with name 'categoriaController': Unsatisfied dependency expressed through field 'categoriaRepository': Error creating bean with name 'categoriaRepository' defined in com.miapp.compra.repository.CategoriaRepository defined in @EnableJpaRepositories declared on JpaRepositoriesRegistrar.EnableJpaRepositoriesConfiguration: Could not create query for public abstract com.miapp.compra.model.Categoria com.miapp.compra.repository.CategoriaRepository.findTopByOrderByIdCategoriaDesc(); Reason: Failed to create query for method public abstract com.miapp.compra.model.Categoria com.miapp.compra.repository.CategoriaRepository.findTopByOrderByIdCategoriaDesc(); No property 'categoria' found for type 'Long'; Traversed path: Categoria.id
2025-11-05T14:36:43.779+01:00  INFO 10436 --- [compra] [main] [                                                 ] j.LocalContainerEntityManagerFactoryBean : Closing JPA EntityManagerFactory for persistence unit 'default'
2025-11-05T14:36:43.782+01:00  INFO 10436 --- [compra] [main] [                                                 ] com.zaxxer.hikari.HikariDataSource       : HikariPool-1 - Shutdown initiated...
2025-11-05T14:36:43.791+01:00  INFO 10436 --- [compra] [main] [                                                 ] com.zaxxer.hikari.HikariDataSource       : HikariPool-1 - Shutdown completed.
2025-11-05T14:36:43.794+01:00  INFO 10436 --- [compra] [main] [                                                 ] o.apache.catalina.core.StandardService   : Stopping service [Tomcat]
2025-11-05T14:36:43.807+01:00  INFO 10436 --- [compra] [main] [                                                 ] .s.b.a.l.ConditionEvaluationReportLogger : 

Error starting ApplicationContext. To display the condition evaluation report re-run your application with 'debug' enabled.
2025-11-05T14:36:43.823+01:00 ERROR 10436 --- [compra] [main] [                                                 ] o.s.boot.SpringApplication               : Application run failed

org.springframework.beans.factory.UnsatisfiedDependencyException: Error creating bean with name 'categoriaController': Unsatisfied dependency expressed through field 'categoriaRepository': Error creating bean with name 'categoriaRepository' defined in com.miapp.compra.repository.CategoriaRepository defined in @EnableJpaRepositories declared on JpaRepositoriesRegistrar.EnableJpaRepositoriesConfiguration: Could not create query for public abstract com.miapp.compra.model.Categoria com.miapp.compra.repository.CategoriaRepository.findTopByOrderByIdCategoriaDesc(); Reason: Failed to create query for method public abstract com.miapp.compra.model.Categoria com.miapp.compra.repository.CategoriaRepository.findTopByOrderByIdCategoriaDesc(); No property 'categoria' found for type 'Long'; Traversed path: Categoria.id
	at org.springframework.beans.factory.annotation.AutowiredAnnotationBeanPostProcessor$AutowiredFieldElement.resolveFieldValue(AutowiredAnnotationBeanPostProcessor.java:767) ~[spring-beans-7.0.0-M9.jar:7.0.0-M9]
	at org.springframework.beans.factory.annotation.AutowiredAnnotationBeanPostProcessor$AutowiredFieldElement.inject(AutowiredAnnotationBeanPostProcessor.java:748) ~[spring-beans-7.0.0-M9.jar:7.0.0-M9]
	at org.springframework.beans.factory.annotation.InjectionMetadata.inject(InjectionMetadata.java:146) ~[spring-beans-7.0.0-M9.jar:7.0.0-M9]
	at org.springframework.beans.factory.annotation.AutowiredAnnotationBeanPostProcessor.postProcessProperties(AutowiredAnnotationBeanPostProcessor.java:492) ~[spring-beans-7.0.0-M9.jar:7.0.0-M9]
	at org.springframework.beans.factory.support.AbstractAutowireCapableBeanFactory.populateBean(AbstractAutowireCapableBeanFactory.java:1447) ~[spring-beans-7.0.0-M9.jar:7.0.0-M9]
	at org.springframework.beans.factory.support.AbstractAutowireCapableBeanFactory.doCreateBean(AbstractAutowireCapableBeanFactory.java:603) ~[spring-beans-7.0.0-M9.jar:7.0.0-M9]
	at org.springframework.beans.factory.support.AbstractAutowireCapableBeanFactory.createBean(AbstractAutowireCapableBeanFactory.java:526) ~[spring-beans-7.0.0-M9.jar:7.0.0-M9]
	at org.springframework.beans.factory.support.AbstractBeanFactory.lambda$doGetBean$0(AbstractBeanFactory.java:333) ~[spring-beans-7.0.0-M9.jar:7.0.0-M9]
	at org.springframework.beans.factory.support.DefaultSingletonBeanRegistry.getSingleton(DefaultSingletonBeanRegistry.java:371) ~[spring-beans-7.0.0-M9.jar:7.0.0-M9]
	at org.springframework.beans.factory.support.AbstractBeanFactory.doGetBean(AbstractBeanFactory.java:331) ~[spring-beans-7.0.0-M9.jar:7.0.0-M9]
	at org.springframework.beans.factory.support.AbstractBeanFactory.getBean(AbstractBeanFactory.java:196) ~[spring-beans-7.0.0-M9.jar:7.0.0-M9]
	at org.springframework.beans.factory.support.DefaultListableBeanFactory.instantiateSingleton(DefaultListableBeanFactory.java:1206) ~[spring-beans-7.0.0-M9.jar:7.0.0-M9]
	at org.springframework.beans.factory.support.DefaultListableBeanFactory.preInstantiateSingleton(DefaultListableBeanFactory.java:1172) ~[spring-beans-7.0.0-M9.jar:7.0.0-M9]
	at org.springframework.beans.factory.support.DefaultListableBeanFactory.preInstantiateSingletons(DefaultListableBeanFactory.java:1109) ~[spring-beans-7.0.0-M9.jar:7.0.0-M9]
	at org.springframework.context.support.AbstractApplicationContext.finishBeanFactoryInitialization(AbstractApplicationContext.java:979) ~[spring-context-7.0.0-M9.jar:7.0.0-M9]
	at org.springframework.context.support.AbstractApplicationContext.refresh(AbstractApplicationContext.java:619) ~[spring-context-7.0.0-M9.jar:7.0.0-M9]
	at org.springframework.boot.web.server.servlet.context.ServletWebServerApplicationContext.refresh(ServletWebServerApplicationContext.java:143) ~[spring-boot-web-server-4.0.0-M3.jar:4.0.0-M3]
	at org.springframework.boot.SpringApplication.refresh(SpringApplication.java:752) ~[spring-boot-4.0.0-M3.jar:4.0.0-M3]
	at org.springframework.boot.SpringApplication.refreshContext(SpringApplication.java:441) ~[spring-boot-4.0.0-M3.jar:4.0.0-M3]
	at org.springframework.boot.SpringApplication.run(SpringApplication.java:320) ~[spring-boot-4.0.0-M3.jar:4.0.0-M3]
	at org.springframework.boot.SpringApplication.run(SpringApplication.java:1361) ~[spring-boot-4.0.0-M3.jar:4.0.0-M3]
	at org.springframework.boot.SpringApplication.run(SpringApplication.java:1350) ~[spring-boot-4.0.0-M3.jar:4.0.0-M3]
	at com.miapp.compra.CompraApplication.main(CompraApplication.java:10) ~[classes/:na]
Caused by: org.springframework.beans.factory.BeanCreationException: Error creating bean with name 'categoriaRepository' defined in com.miapp.compra.repository.CategoriaRepository defined in @EnableJpaRepositories declared on JpaRepositoriesRegistrar.EnableJpaRepositoriesConfiguration: Could not create query for public abstract com.miapp.compra.model.Categoria com.miapp.compra.repository.CategoriaRepository.findTopByOrderByIdCategoriaDesc(); Reason: Failed to create query for method public abstract com.miapp.compra.model.Categoria com.miapp.compra.repository.CategoriaRepository.findTopByOrderByIdCategoriaDesc(); No property 'categoria' found for type 'Long'; Traversed path: Categoria.id
	at org.springframework.beans.factory.support.AbstractAutowireCapableBeanFactory.initializeBean(AbstractAutowireCapableBeanFactory.java:1818) ~[spring-beans-7.0.0-M9.jar:7.0.0-M9]
	at org.springframework.beans.factory.support.AbstractAutowireCapableBeanFactory.doCreateBean(AbstractAutowireCapableBeanFactory.java:604) ~[spring-beans-7.0.0-M9.jar:7.0.0-M9]
	at org.springframework.beans.factory.support.AbstractAutowireCapableBeanFactory.createBean(AbstractAutowireCapableBeanFactory.java:526) ~[spring-beans-7.0.0-M9.jar:7.0.0-M9]
	at org.springframework.beans.factory.support.AbstractBeanFactory.lambda$doGetBean$0(AbstractBeanFactory.java:333) ~[spring-beans-7.0.0-M9.jar:7.0.0-M9]
	at org.springframework.beans.factory.support.DefaultSingletonBeanRegistry.getSingleton(DefaultSingletonBeanRegistry.java:371) ~[spring-beans-7.0.0-M9.jar:7.0.0-M9]
	at org.springframework.beans.factory.support.AbstractBeanFactory.doGetBean(AbstractBeanFactory.java:331) ~[spring-beans-7.0.0-M9.jar:7.0.0-M9]
	at org.springframework.beans.factory.support.AbstractBeanFactory.getBean(AbstractBeanFactory.java:201) ~[spring-beans-7.0.0-M9.jar:7.0.0-M9]
	at org.springframework.beans.factory.support.DefaultListableBeanFactory.resolveBean(DefaultListableBeanFactory.java:1213) ~[spring-beans-7.0.0-M9.jar:7.0.0-M9]
	at org.springframework.beans.factory.support.DefaultListableBeanFactory.doResolveDependency(DefaultListableBeanFactory.java:1689) ~[spring-beans-7.0.0-M9.jar:7.0.0-M9]
	at org.springframework.beans.factory.support.DefaultListableBeanFactory.resolveDependency(DefaultListableBeanFactory.java:1636) ~[spring-beans-7.0.0-M9.jar:7.0.0-M9]
	at org.springframework.beans.factory.annotation.AutowiredAnnotationBeanPostProcessor$AutowiredFieldElement.resolveFieldValue(AutowiredAnnotationBeanPostProcessor.java:764) ~[spring-beans-7.0.0-M9.jar:7.0.0-M9]
	... 22 common frames omitted
Caused by: org.springframework.data.repository.query.QueryCreationException: Could not create query for public abstract com.miapp.compra.model.Categoria com.miapp.compra.repository.CategoriaRepository.findTopByOrderByIdCategoriaDesc(); Reason: Failed to create query for method public abstract com.miapp.compra.model.Categoria com.miapp.compra.repository.CategoriaRepository.findTopByOrderByIdCategoriaDesc(); No property 'categoria' found for type 'Long'; Traversed path: Categoria.id
	at org.springframework.data.repository.query.QueryCreationException.create(QueryCreationException.java:105) ~[spring-data-commons-4.0.0-M6.jar:4.0.0-M6]
	at org.springframework.data.repository.core.support.QueryExecutorMethodInterceptor.lookupQuery(QueryExecutorMethodInterceptor.java:118) ~[spring-data-commons-4.0.0-M6.jar:4.0.0-M6]
	at org.springframework.data.repository.core.support.QueryExecutorMethodInterceptor.mapMethodsToQuery(QueryExecutorMethodInterceptor.java:102) ~[spring-data-commons-4.0.0-M6.jar:4.0.0-M6]
	at org.springframework.data.repository.core.support.QueryExecutorMethodInterceptor.<init>(QueryExecutorMethodInterceptor.java:90) ~[spring-data-commons-4.0.0-M6.jar:4.0.0-M6]
	at org.springframework.data.repository.core.support.RepositoryFactorySupport.getRepository(RepositoryFactorySupport.java:417) ~[spring-data-commons-4.0.0-M6.jar:4.0.0-M6]
	at org.springframework.data.repository.core.support.RepositoryFactoryBeanSupport.lambda$afterPropertiesSet$1(RepositoryFactoryBeanSupport.java:351) ~[spring-data-commons-4.0.0-M6.jar:4.0.0-M6]
	at org.springframework.data.util.Lazy.getNullable(Lazy.java:136) ~[spring-data-commons-4.0.0-M6.jar:4.0.0-M6]
	at org.springframework.data.util.Lazy.get(Lazy.java:114) ~[spring-data-commons-4.0.0-M6.jar:4.0.0-M6]
	at org.springframework.data.repository.core.support.RepositoryFactoryBeanSupport.afterPropertiesSet(RepositoryFactoryBeanSupport.java:360) ~[spring-data-commons-4.0.0-M6.jar:4.0.0-M6]
	at org.springframework.data.jpa.repository.support.JpaRepositoryFactoryBean.afterPropertiesSet(JpaRepositoryFactoryBean.java:212) ~[spring-data-jpa-4.0.0-M6.jar:4.0.0-M6]
	at org.springframework.beans.factory.support.AbstractAutowireCapableBeanFactory.invokeInitMethods(AbstractAutowireCapableBeanFactory.java:1865) ~[spring-beans-7.0.0-M9.jar:7.0.0-M9]
	at org.springframework.beans.factory.support.AbstractAutowireCapableBeanFactory.initializeBean(AbstractAutowireCapableBeanFactory.java:1814) ~[spring-beans-7.0.0-M9.jar:7.0.0-M9]
	... 32 common frames omitted
Caused by: java.lang.IllegalArgumentException: Failed to create query for method public abstract com.miapp.compra.model.Categoria com.miapp.compra.repository.CategoriaRepository.findTopByOrderByIdCategoriaDesc(); No property 'categoria' found for type 'Long'; Traversed path: Categoria.id
	at org.springframework.data.jpa.repository.query.PartTreeJpaQuery.<init>(PartTreeJpaQuery.java:110) ~[spring-data-jpa-4.0.0-M6.jar:4.0.0-M6]
	at org.springframework.data.jpa.repository.query.JpaQueryLookupStrategy$CreateQueryLookupStrategy.resolveQuery(JpaQueryLookupStrategy.java:118) ~[spring-data-jpa-4.0.0-M6.jar:4.0.0-M6]
	at org.springframework.data.jpa.repository.query.JpaQueryLookupStrategy$CreateIfNotFoundQueryLookupStrategy.resolveQuery(JpaQueryLookupStrategy.java:291) ~[spring-data-jpa-4.0.0-M6.jar:4.0.0-M6]
	at org.springframework.data.jpa.repository.query.JpaQueryLookupStrategy$AbstractQueryLookupStrategy.resolveQuery(JpaQueryLookupStrategy.java:93) ~[spring-data-jpa-4.0.0-M6.jar:4.0.0-M6]
	at org.springframework.data.repository.core.support.QueryExecutorMethodInterceptor.lookupQuery(QueryExecutorMethodInterceptor.java:114) ~[spring-data-commons-4.0.0-M6.jar:4.0.0-M6]
	... 42 common frames omitted
Caused by: org.springframework.data.mapping.PropertyReferenceException: No property 'categoria' found for type 'Long'; Traversed path: Categoria.id
	at org.springframework.data.mapping.PropertyPath.<init>(PropertyPath.java:95) ~[spring-data-commons-4.0.0-M6.jar:4.0.0-M6]
	at org.springframework.data.mapping.PropertyPath.create(PropertyPath.java:453) ~[spring-data-commons-4.0.0-M6.jar:4.0.0-M6]
	at org.springframework.data.mapping.PropertyPath.create(PropertyPath.java:429) ~[spring-data-commons-4.0.0-M6.jar:4.0.0-M6]
	at org.springframework.data.mapping.PropertyPath.create(PropertyPath.java:463) ~[spring-data-commons-4.0.0-M6.jar:4.0.0-M6]
	at org.springframework.data.mapping.PropertyPath.create(PropertyPath.java:486) ~[spring-data-commons-4.0.0-M6.jar:4.0.0-M6]
	at org.springframework.data.mapping.PropertyPath.create(PropertyPath.java:429) ~[spring-data-commons-4.0.0-M6.jar:4.0.0-M6]
	at org.springframework.data.mapping.PropertyPath.lambda$from$0(PropertyPath.java:382) ~[spring-data-commons-4.0.0-M6.jar:4.0.0-M6]
	at java.base/java.util.concurrent.ConcurrentMap.computeIfAbsent(ConcurrentMap.java:330) ~[na:na]
	at org.springframework.data.mapping.PropertyPath.from(PropertyPath.java:364) ~[spring-data-commons-4.0.0-M6.jar:4.0.0-M6]
	at org.springframework.data.mapping.PropertyPath.from(PropertyPath.java:342) ~[spring-data-commons-4.0.0-M6.jar:4.0.0-M6]
	at org.springframework.data.repository.query.parser.OrderBySource.lambda$createOrder$0(OrderBySource.java:110) ~[spring-data-commons-4.0.0-M6.jar:4.0.0-M6]
	at java.base/java.util.Optional.map(Optional.java:260) ~[na:na]
	at org.springframework.data.repository.query.parser.OrderBySource.createOrder(OrderBySource.java:108) ~[spring-data-commons-4.0.0-M6.jar:4.0.0-M6]
	at org.springframework.data.repository.query.parser.OrderBySource.<init>(OrderBySource.java:92) ~[spring-data-commons-4.0.0-M6.jar:4.0.0-M6]
	at org.springframework.data.repository.query.parser.PartTree$Predicate.<init>(PartTree.java:393) ~[spring-data-commons-4.0.0-M6.jar:4.0.0-M6]
	at org.springframework.data.repository.query.parser.PartTree.<init>(PartTree.java:104) ~[spring-data-commons-4.0.0-M6.jar:4.0.0-M6]
	at org.springframework.data.jpa.repository.query.PartTreeJpaQuery.<init>(PartTreeJpaQuery.java:104) ~[spring-data-jpa-4.0.0-M6.jar:4.0.0-M6]
	... 46 common frames omitted

2025-11-05T14:37:40.323+01:00  INFO 6792 --- [compra] [main] [                                                 ] com.miapp.compra.CompraApplication       : Starting CompraApplication using Java 21.0.8 with PID 6792 (D:\DES_ENT_SERVIDOR2526_FASEII\compra\target\classes started by daw in D:\DES_ENT_SERVIDOR2526_FASEII)
2025-11-05T14:37:40.329+01:00  INFO 6792 --- [compra] [main] [                                                 ] com.miapp.compra.CompraApplication       : No active profile set, falling back to 1 default profile: "default"
2025-11-05T14:37:41.351+01:00  INFO 6792 --- [compra] [main] [                                                 ] .s.d.r.c.RepositoryConfigurationDelegate : Bootstrapping Spring Data JPA repositories in DEFAULT mode.
2025-11-05T14:37:41.417+01:00  INFO 6792 --- [compra] [main] [                                                 ] .s.d.r.c.RepositoryConfigurationDelegate : Finished Spring Data repository scanning in 54 ms. Found 2 JPA repository interfaces.
2025-11-05T14:37:42.035+01:00  INFO 6792 --- [compra] [main] [                                                 ] o.s.boot.tomcat.TomcatWebServer          : Tomcat initialized with port 8080 (http)
2025-11-05T14:37:42.052+01:00  INFO 6792 --- [compra] [main] [                                                 ] o.apache.catalina.core.StandardService   : Starting service [Tomcat]
2025-11-05T14:37:42.053+01:00  INFO 6792 --- [compra] [main] [                                                 ] o.apache.catalina.core.StandardEngine    : Starting Servlet engine: [Apache Tomcat/11.0.11]
2025-11-05T14:37:42.115+01:00  INFO 6792 --- [compra] [main] [                                                 ] b.w.c.s.WebApplicationContextInitializer : Root WebApplicationContext: initialization completed in 1725 ms
2025-11-05T14:37:42.455+01:00  INFO 6792 --- [compra] [main] [                                                 ] o.hibernate.jpa.internal.util.LogHelper  : HHH000204: Processing PersistenceUnitInfo [name: default]
2025-11-05T14:37:42.520+01:00  INFO 6792 --- [compra] [main] [                                                 ] org.hibernate.Version                    : HHH000412: Hibernate ORM core version 7.1.1.Final
2025-11-05T14:37:43.079+01:00  INFO 6792 --- [compra] [main] [                                                 ] o.s.o.j.p.SpringPersistenceUnitInfo      : No LoadTimeWeaver setup: ignoring JPA class transformer
2025-11-05T14:37:43.119+01:00  INFO 6792 --- [compra] [main] [                                                 ] com.zaxxer.hikari.HikariDataSource       : HikariPool-1 - Starting...
2025-11-05T14:37:43.569+01:00  INFO 6792 --- [compra] [main] [                                                 ] com.zaxxer.hikari.pool.HikariPool        : HikariPool-1 - Added connection com.mysql.cj.jdbc.ConnectionImpl@45295cfd
2025-11-05T14:37:43.572+01:00  INFO 6792 --- [compra] [main] [                                                 ] com.zaxxer.hikari.HikariDataSource       : HikariPool-1 - Start completed.
2025-11-05T14:37:43.629+01:00  WARN 6792 --- [compra] [main] [                                                 ] org.hibernate.orm.deprecation            : HHH90000025: MySQLDialect does not need to be specified explicitly using 'hibernate.dialect' (remove the property setting and it will be selected by default)
2025-11-05T14:37:43.651+01:00  INFO 6792 --- [compra] [main] [                                                 ] org.hibernate.orm.connections.pooling    : HHH10001005: Database info:
	Database JDBC URL [jdbc:mysql://localhost:3306/tienda]
	Database driver: MySQL Connector/J
	Database dialect: MySQLDialect
	Database version: 8.0.43
	Default catalog/schema: tienda/undefined
	Autocommit mode: undefined/unknown
	Isolation level: REPEATABLE_READ [default REPEATABLE_READ]
	JDBC fetch size: none
	Pool: DatasourceConnectionProviderImpl
	Minimum pool size: undefined/unknown
	Maximum pool size: undefined/unknown
2025-11-05T14:37:44.588+01:00  INFO 6792 --- [compra] [main] [                                                 ] o.h.e.t.j.p.i.JtaPlatformInitiator       : HHH000489: No JTA platform available (set 'hibernate.transaction.jta.platform' to enable JTA platform integration)
2025-11-05T14:37:44.683+01:00  INFO 6792 --- [compra] [main] [                                                 ] j.LocalContainerEntityManagerFactoryBean : Initialized JPA EntityManagerFactory for persistence unit 'default'
2025-11-05T14:37:44.780+01:00  INFO 6792 --- [compra] [main] [                                                 ] o.s.d.j.r.query.QueryEnhancerFactories   : Hibernate is in classpath; If applicable, HQL parser will be used.
2025-11-05T14:37:45.768+01:00  WARN 6792 --- [compra] [main] [                                                 ] ConfigServletWebServerApplicationContext : Exception encountered during context initialization - cancelling refresh attempt: org.springframework.beans.factory.UnsatisfiedDependencyException: Error creating bean with name 'categoriaController': Unsatisfied dependency expressed through field 'categoriaRepository': Error creating bean with name 'categoriaRepository' defined in com.miapp.compra.repository.CategoriaRepository defined in @EnableJpaRepositories declared on JpaRepositoriesRegistrar.EnableJpaRepositoriesConfiguration: Could not create query for public abstract com.miapp.compra.model.Categoria com.miapp.compra.repository.CategoriaRepository.findTopByOrderByIdCategoriaDesc(); Reason: Failed to create query for method public abstract com.miapp.compra.model.Categoria com.miapp.compra.repository.CategoriaRepository.findTopByOrderByIdCategoriaDesc(); No property 'categoria' found for type 'Long'; Traversed path: Categoria.id
2025-11-05T14:37:45.769+01:00  INFO 6792 --- [compra] [main] [                                                 ] j.LocalContainerEntityManagerFactoryBean : Closing JPA EntityManagerFactory for persistence unit 'default'
2025-11-05T14:37:45.771+01:00  INFO 6792 --- [compra] [main] [                                                 ] com.zaxxer.hikari.HikariDataSource       : HikariPool-1 - Shutdown initiated...
2025-11-05T14:37:45.778+01:00  INFO 6792 --- [compra] [main] [                                                 ] com.zaxxer.hikari.HikariDataSource       : HikariPool-1 - Shutdown completed.
2025-11-05T14:37:45.781+01:00  INFO 6792 --- [compra] [main] [                                                 ] o.apache.catalina.core.StandardService   : Stopping service [Tomcat]
2025-11-05T14:37:45.794+01:00  INFO 6792 --- [compra] [main] [                                                 ] .s.b.a.l.ConditionEvaluationReportLogger : 

Error starting ApplicationContext. To display the condition evaluation report re-run your application with 'debug' enabled.
2025-11-05T14:37:45.808+01:00 ERROR 6792 --- [compra] [main] [                                                 ] o.s.boot.SpringApplication               : Application run failed

org.springframework.beans.factory.UnsatisfiedDependencyException: Error creating bean with name 'categoriaController': Unsatisfied dependency expressed through field 'categoriaRepository': Error creating bean with name 'categoriaRepository' defined in com.miapp.compra.repository.CategoriaRepository defined in @EnableJpaRepositories declared on JpaRepositoriesRegistrar.EnableJpaRepositoriesConfiguration: Could not create query for public abstract com.miapp.compra.model.Categoria com.miapp.compra.repository.CategoriaRepository.findTopByOrderByIdCategoriaDesc(); Reason: Failed to create query for method public abstract com.miapp.compra.model.Categoria com.miapp.compra.repository.CategoriaRepository.findTopByOrderByIdCategoriaDesc(); No property 'categoria' found for type 'Long'; Traversed path: Categoria.id
	at org.springframework.beans.factory.annotation.AutowiredAnnotationBeanPostProcessor$AutowiredFieldElement.resolveFieldValue(AutowiredAnnotationBeanPostProcessor.java:767) ~[spring-beans-7.0.0-M9.jar:7.0.0-M9]
	at org.springframework.beans.factory.annotation.AutowiredAnnotationBeanPostProcessor$AutowiredFieldElement.inject(AutowiredAnnotationBeanPostProcessor.java:748) ~[spring-beans-7.0.0-M9.jar:7.0.0-M9]
	at org.springframework.beans.factory.annotation.InjectionMetadata.inject(InjectionMetadata.java:146) ~[spring-beans-7.0.0-M9.jar:7.0.0-M9]
	at org.springframework.beans.factory.annotation.AutowiredAnnotationBeanPostProcessor.postProcessProperties(AutowiredAnnotationBeanPostProcessor.java:492) ~[spring-beans-7.0.0-M9.jar:7.0.0-M9]
	at org.springframework.beans.factory.support.AbstractAutowireCapableBeanFactory.populateBean(AbstractAutowireCapableBeanFactory.java:1447) ~[spring-beans-7.0.0-M9.jar:7.0.0-M9]
	at org.springframework.beans.factory.support.AbstractAutowireCapableBeanFactory.doCreateBean(AbstractAutowireCapableBeanFactory.java:603) ~[spring-beans-7.0.0-M9.jar:7.0.0-M9]
	at org.springframework.beans.factory.support.AbstractAutowireCapableBeanFactory.createBean(AbstractAutowireCapableBeanFactory.java:526) ~[spring-beans-7.0.0-M9.jar:7.0.0-M9]
	at org.springframework.beans.factory.support.AbstractBeanFactory.lambda$doGetBean$0(AbstractBeanFactory.java:333) ~[spring-beans-7.0.0-M9.jar:7.0.0-M9]
	at org.springframework.beans.factory.support.DefaultSingletonBeanRegistry.getSingleton(DefaultSingletonBeanRegistry.java:371) ~[spring-beans-7.0.0-M9.jar:7.0.0-M9]
	at org.springframework.beans.factory.support.AbstractBeanFactory.doGetBean(AbstractBeanFactory.java:331) ~[spring-beans-7.0.0-M9.jar:7.0.0-M9]
	at org.springframework.beans.factory.support.AbstractBeanFactory.getBean(AbstractBeanFactory.java:196) ~[spring-beans-7.0.0-M9.jar:7.0.0-M9]
	at org.springframework.beans.factory.support.DefaultListableBeanFactory.instantiateSingleton(DefaultListableBeanFactory.java:1206) ~[spring-beans-7.0.0-M9.jar:7.0.0-M9]
	at org.springframework.beans.factory.support.DefaultListableBeanFactory.preInstantiateSingleton(DefaultListableBeanFactory.java:1172) ~[spring-beans-7.0.0-M9.jar:7.0.0-M9]
	at org.springframework.beans.factory.support.DefaultListableBeanFactory.preInstantiateSingletons(DefaultListableBeanFactory.java:1109) ~[spring-beans-7.0.0-M9.jar:7.0.0-M9]
	at org.springframework.context.support.AbstractApplicationContext.finishBeanFactoryInitialization(AbstractApplicationContext.java:979) ~[spring-context-7.0.0-M9.jar:7.0.0-M9]
	at org.springframework.context.support.AbstractApplicationContext.refresh(AbstractApplicationContext.java:619) ~[spring-context-7.0.0-M9.jar:7.0.0-M9]
	at org.springframework.boot.web.server.servlet.context.ServletWebServerApplicationContext.refresh(ServletWebServerApplicationContext.java:143) ~[spring-boot-web-server-4.0.0-M3.jar:4.0.0-M3]
	at org.springframework.boot.SpringApplication.refresh(SpringApplication.java:752) ~[spring-boot-4.0.0-M3.jar:4.0.0-M3]
	at org.springframework.boot.SpringApplication.refreshContext(SpringApplication.java:441) ~[spring-boot-4.0.0-M3.jar:4.0.0-M3]
	at org.springframework.boot.SpringApplication.run(SpringApplication.java:320) ~[spring-boot-4.0.0-M3.jar:4.0.0-M3]
	at org.springframework.boot.SpringApplication.run(SpringApplication.java:1361) ~[spring-boot-4.0.0-M3.jar:4.0.0-M3]
	at org.springframework.boot.SpringApplication.run(SpringApplication.java:1350) ~[spring-boot-4.0.0-M3.jar:4.0.0-M3]
	at com.miapp.compra.CompraApplication.main(CompraApplication.java:10) ~[classes/:na]
Caused by: org.springframework.beans.factory.BeanCreationException: Error creating bean with name 'categoriaRepository' defined in com.miapp.compra.repository.CategoriaRepository defined in @EnableJpaRepositories declared on JpaRepositoriesRegistrar.EnableJpaRepositoriesConfiguration: Could not create query for public abstract com.miapp.compra.model.Categoria com.miapp.compra.repository.CategoriaRepository.findTopByOrderByIdCategoriaDesc(); Reason: Failed to create query for method public abstract com.miapp.compra.model.Categoria com.miapp.compra.repository.CategoriaRepository.findTopByOrderByIdCategoriaDesc(); No property 'categoria' found for type 'Long'; Traversed path: Categoria.id
	at org.springframework.beans.factory.support.AbstractAutowireCapableBeanFactory.initializeBean(AbstractAutowireCapableBeanFactory.java:1818) ~[spring-beans-7.0.0-M9.jar:7.0.0-M9]
	at org.springframework.beans.factory.support.AbstractAutowireCapableBeanFactory.doCreateBean(AbstractAutowireCapableBeanFactory.java:604) ~[spring-beans-7.0.0-M9.jar:7.0.0-M9]
	at org.springframework.beans.factory.support.AbstractAutowireCapableBeanFactory.createBean(AbstractAutowireCapableBeanFactory.java:526) ~[spring-beans-7.0.0-M9.jar:7.0.0-M9]
	at org.springframework.beans.factory.support.AbstractBeanFactory.lambda$doGetBean$0(AbstractBeanFactory.java:333) ~[spring-beans-7.0.0-M9.jar:7.0.0-M9]
	at org.springframework.beans.factory.support.DefaultSingletonBeanRegistry.getSingleton(DefaultSingletonBeanRegistry.java:371) ~[spring-beans-7.0.0-M9.jar:7.0.0-M9]
	at org.springframework.beans.factory.support.AbstractBeanFactory.doGetBean(AbstractBeanFactory.java:331) ~[spring-beans-7.0.0-M9.jar:7.0.0-M9]
	at org.springframework.beans.factory.support.AbstractBeanFactory.getBean(AbstractBeanFactory.java:201) ~[spring-beans-7.0.0-M9.jar:7.0.0-M9]
	at org.springframework.beans.factory.support.DefaultListableBeanFactory.resolveBean(DefaultListableBeanFactory.java:1213) ~[spring-beans-7.0.0-M9.jar:7.0.0-M9]
	at org.springframework.beans.factory.support.DefaultListableBeanFactory.doResolveDependency(DefaultListableBeanFactory.java:1689) ~[spring-beans-7.0.0-M9.jar:7.0.0-M9]
	at org.springframework.beans.factory.support.DefaultListableBeanFactory.resolveDependency(DefaultListableBeanFactory.java:1636) ~[spring-beans-7.0.0-M9.jar:7.0.0-M9]
	at org.springframework.beans.factory.annotation.AutowiredAnnotationBeanPostProcessor$AutowiredFieldElement.resolveFieldValue(AutowiredAnnotationBeanPostProcessor.java:764) ~[spring-beans-7.0.0-M9.jar:7.0.0-M9]
	... 22 common frames omitted
Caused by: org.springframework.data.repository.query.QueryCreationException: Could not create query for public abstract com.miapp.compra.model.Categoria com.miapp.compra.repository.CategoriaRepository.findTopByOrderByIdCategoriaDesc(); Reason: Failed to create query for method public abstract com.miapp.compra.model.Categoria com.miapp.compra.repository.CategoriaRepository.findTopByOrderByIdCategoriaDesc(); No property 'categoria' found for type 'Long'; Traversed path: Categoria.id
	at org.springframework.data.repository.query.QueryCreationException.create(QueryCreationException.java:105) ~[spring-data-commons-4.0.0-M6.jar:4.0.0-M6]
	at org.springframework.data.repository.core.support.QueryExecutorMethodInterceptor.lookupQuery(QueryExecutorMethodInterceptor.java:118) ~[spring-data-commons-4.0.0-M6.jar:4.0.0-M6]
	at org.springframework.data.repository.core.support.QueryExecutorMethodInterceptor.mapMethodsToQuery(QueryExecutorMethodInterceptor.java:102) ~[spring-data-commons-4.0.0-M6.jar:4.0.0-M6]
	at org.springframework.data.repository.core.support.QueryExecutorMethodInterceptor.<init>(QueryExecutorMethodInterceptor.java:90) ~[spring-data-commons-4.0.0-M6.jar:4.0.0-M6]
	at org.springframework.data.repository.core.support.RepositoryFactorySupport.getRepository(RepositoryFactorySupport.java:417) ~[spring-data-commons-4.0.0-M6.jar:4.0.0-M6]
	at org.springframework.data.repository.core.support.RepositoryFactoryBeanSupport.lambda$afterPropertiesSet$1(RepositoryFactoryBeanSupport.java:351) ~[spring-data-commons-4.0.0-M6.jar:4.0.0-M6]
	at org.springframework.data.util.Lazy.getNullable(Lazy.java:136) ~[spring-data-commons-4.0.0-M6.jar:4.0.0-M6]
	at org.springframework.data.util.Lazy.get(Lazy.java:114) ~[spring-data-commons-4.0.0-M6.jar:4.0.0-M6]
	at org.springframework.data.repository.core.support.RepositoryFactoryBeanSupport.afterPropertiesSet(RepositoryFactoryBeanSupport.java:360) ~[spring-data-commons-4.0.0-M6.jar:4.0.0-M6]
	at org.springframework.data.jpa.repository.support.JpaRepositoryFactoryBean.afterPropertiesSet(JpaRepositoryFactoryBean.java:212) ~[spring-data-jpa-4.0.0-M6.jar:4.0.0-M6]
	at org.springframework.beans.factory.support.AbstractAutowireCapableBeanFactory.invokeInitMethods(AbstractAutowireCapableBeanFactory.java:1865) ~[spring-beans-7.0.0-M9.jar:7.0.0-M9]
	at org.springframework.beans.factory.support.AbstractAutowireCapableBeanFactory.initializeBean(AbstractAutowireCapableBeanFactory.java:1814) ~[spring-beans-7.0.0-M9.jar:7.0.0-M9]
	... 32 common frames omitted
Caused by: java.lang.IllegalArgumentException: Failed to create query for method public abstract com.miapp.compra.model.Categoria com.miapp.compra.repository.CategoriaRepository.findTopByOrderByIdCategoriaDesc(); No property 'categoria' found for type 'Long'; Traversed path: Categoria.id
	at org.springframework.data.jpa.repository.query.PartTreeJpaQuery.<init>(PartTreeJpaQuery.java:110) ~[spring-data-jpa-4.0.0-M6.jar:4.0.0-M6]
	at org.springframework.data.jpa.repository.query.JpaQueryLookupStrategy$CreateQueryLookupStrategy.resolveQuery(JpaQueryLookupStrategy.java:118) ~[spring-data-jpa-4.0.0-M6.jar:4.0.0-M6]
	at org.springframework.data.jpa.repository.query.JpaQueryLookupStrategy$CreateIfNotFoundQueryLookupStrategy.resolveQuery(JpaQueryLookupStrategy.java:291) ~[spring-data-jpa-4.0.0-M6.jar:4.0.0-M6]
	at org.springframework.data.jpa.repository.query.JpaQueryLookupStrategy$AbstractQueryLookupStrategy.resolveQuery(JpaQueryLookupStrategy.java:93) ~[spring-data-jpa-4.0.0-M6.jar:4.0.0-M6]
	at org.springframework.data.repository.core.support.QueryExecutorMethodInterceptor.lookupQuery(QueryExecutorMethodInterceptor.java:114) ~[spring-data-commons-4.0.0-M6.jar:4.0.0-M6]
	... 42 common frames omitted
Caused by: org.springframework.data.mapping.PropertyReferenceException: No property 'categoria' found for type 'Long'; Traversed path: Categoria.id
	at org.springframework.data.mapping.PropertyPath.<init>(PropertyPath.java:95) ~[spring-data-commons-4.0.0-M6.jar:4.0.0-M6]
	at org.springframework.data.mapping.PropertyPath.create(PropertyPath.java:453) ~[spring-data-commons-4.0.0-M6.jar:4.0.0-M6]
	at org.springframework.data.mapping.PropertyPath.create(PropertyPath.java:429) ~[spring-data-commons-4.0.0-M6.jar:4.0.0-M6]
	at org.springframework.data.mapping.PropertyPath.create(PropertyPath.java:463) ~[spring-data-commons-4.0.0-M6.jar:4.0.0-M6]
	at org.springframework.data.mapping.PropertyPath.create(PropertyPath.java:486) ~[spring-data-commons-4.0.0-M6.jar:4.0.0-M6]
	at org.springframework.data.mapping.PropertyPath.create(PropertyPath.java:429) ~[spring-data-commons-4.0.0-M6.jar:4.0.0-M6]
	at org.springframework.data.mapping.PropertyPath.lambda$from$0(PropertyPath.java:382) ~[spring-data-commons-4.0.0-M6.jar:4.0.0-M6]
	at java.base/java.util.concurrent.ConcurrentMap.computeIfAbsent(ConcurrentMap.java:330) ~[na:na]
	at org.springframework.data.mapping.PropertyPath.from(PropertyPath.java:364) ~[spring-data-commons-4.0.0-M6.jar:4.0.0-M6]
	at org.springframework.data.mapping.PropertyPath.from(PropertyPath.java:342) ~[spring-data-commons-4.0.0-M6.jar:4.0.0-M6]
	at org.springframework.data.repository.query.parser.OrderBySource.lambda$createOrder$0(OrderBySource.java:110) ~[spring-data-commons-4.0.0-M6.jar:4.0.0-M6]
	at java.base/java.util.Optional.map(Optional.java:260) ~[na:na]
	at org.springframework.data.repository.query.parser.OrderBySource.createOrder(OrderBySource.java:108) ~[spring-data-commons-4.0.0-M6.jar:4.0.0-M6]
	at org.springframework.data.repository.query.parser.OrderBySource.<init>(OrderBySource.java:92) ~[spring-data-commons-4.0.0-M6.jar:4.0.0-M6]
	at org.springframework.data.repository.query.parser.PartTree$Predicate.<init>(PartTree.java:393) ~[spring-data-commons-4.0.0-M6.jar:4.0.0-M6]
	at org.springframework.data.repository.query.parser.PartTree.<init>(PartTree.java:104) ~[spring-data-commons-4.0.0-M6.jar:4.0.0-M6]
	at org.springframework.data.jpa.repository.query.PartTreeJpaQuery.<init>(PartTreeJpaQuery.java:104) ~[spring-data-jpa-4.0.0-M6.jar:4.0.0-M6]
	... 46 common frames omitted

